2026-03-15 00:55:36.629 [rid=45323b89] action=LINK_CREATED resource=LINK userId=2f53625b-6d21-4abd-b1f5-83dd9bde3ec9 resourceId=863b80f3-510b-4b67-8d43-f5c1ed185857 ip=- details={}
2026-03-15 00:56:10.698 [rid=6d7ca4c7] action=LINK_UPDATED resource=LINK userId=2f53625b-6d21-4abd-b1f5-83dd9bde3ec9 resourceId=863b80f3-510b-4b67-8d43-f5c1ed185857 ip=- details={}
2026-03-15 00:58:50.300 [rid=0d7d6d11] action=LINK_DELETED resource=LINK userId=2f53625b-6d21-4abd-b1f5-83dd9bde3ec9 resourceId=863b80f3-510b-4b67-8d43-f5c1ed185857 ip=- details={}
2026-03-15 01:41:45.332 [rid=] action=LINK_CREATED resource=LINK userId=7fe80949-8ea4-4095-acef-b35e9999cc93 resourceId=f6ca8bb8-d073-4221-9d86-47be1b68d00c ip=- details={}
2026-03-15 01:41:45.972 [rid=] action=LINK_CREATED resource=LINK userId=e98253f0-1062-45ed-a623-e786d89b29e9 resourceId=0788b64d-818b-4a95-9b1c-9ebcfdd4af7c ip=- details={}
2026-03-15 01:41:46.484 [rid=] action=LINK_CREATED resource=LINK userId=cdb38235-9795-40b8-bd77-a348d4ce0edb resourceId=49b6f929-1094-4f93-864a-8e0bf742965c ip=- details={}
2026-03-15 01:41:46.829 [rid=] action=LINK_CREATED resource=LINK userId=599ce263-8f65-4552-99a6-2d88a93cc8f7 resourceId=9f918749-8d2b-4666-aed3-284de51ac6f9 ip=- details={}
2026-03-15 01:48:27.520 [rid=] action=LINK_CREATED resource=LINK userId=c29a3aaf-7d05-4957-b3e2-14271eaa5f60 resourceId=6424ef3f-6611-44f2-9bdf-7d3dc3a0ab30 ip=- details={}
2026-03-15 01:48:28.802 [rid=] action=LINK_CREATED resource=LINK userId=94604cbc-932f-4f9a-99fb-a1d6adacf62d resourceId=6a925c7d-5d1b-4ba6-931a-a0f0fd6987fa ip=- details={}
2026-03-15 01:48:29.894 [rid=] action=LINK_CREATED resource=LINK userId=89c4ad84-c3b7-4e7e-9d6f-115117ac8416 resourceId=cb511ebb-4a64-4116-9943-b45cfbbeb08f ip=- details={}
2026-03-15 01:48:30.258 [rid=] action=LINK_CREATED resource=LINK userId=445f1a0e-5407-4e0d-b527-4360e201bc42 resourceId=173f1047-2e8c-49cd-ae59-c4d0048b53d6 ip=- details={}
2026-03-15 01:54:35.273 [rid=] action=LINK_CREATED resource=LINK userId=d429c582-5ad6-401d-8510-5a3b217bc4c1 resourceId=bd014fab-a76b-47df-bf78-a4fdba0577cf ip=- details={}
2026-03-15 01:54:36.130 [rid=] action=LINK_CREATED resource=LINK userId=398449ca-750e-442c-a229-645d4cf2ceb0 resourceId=5504ec41-2cc9-4c7e-8243-ceda3fb280f9 ip=- details={}
2026-03-15 01:54:37.059 [rid=] action=LINK_CREATED resource=LINK userId=ea4d666e-f19e-4211-924b-7deec750f288 resourceId=1a1b6c3e-0af1-45f8-885f-91bf82075259 ip=- details={}
2026-03-15 01:54:37.565 [rid=] action=LINK_CREATED resource=LINK userId=3f807f7a-26e7-42a1-a981-d8eb215a71f7 resourceId=bfb92a60-5324-4b71-a4eb-90925f08f853 ip=- details={}
2026-03-15 02:08:32.655 [rid=] action=LINK_CREATED resource=LINK userId=1155adc6-aaba-460f-81a3-44c36258a23c resourceId=abab329c-7a18-4418-90d9-ff228b082bab ip=- details={}
2026-03-15 02:08:32.938 [rid=] action=LINK_CREATED resource=LINK userId=1bd990b3-d196-41fd-95d7-595a6a8cbee2 resourceId=277643ba-1158-47e7-9018-15835ad91fb2 ip=- details={}
2026-03-15 02:08:33.532 [rid=] action=LINK_CREATED resource=LINK userId=62ee7f7c-4c2d-493b-97e9-f9831dcfb772 resourceId=e076c921-20b1-40bf-9513-51b229860b23 ip=- details={}
2026-03-15 02:08:33.718 [rid=] action=LINK_CREATED resource=LINK userId=26ec9b44-738b-4333-bd20-9edb399a788f resourceId=76236b5f-7216-4ddb-869b-2d47e3f368b0 ip=- details={}
2026-03-15 02:08:43.452 [rid=] action=LINK_CREATED resource=LINK userId=d62bfa5f-f14f-4737-a3f2-b348f90caadd resourceId=34faa897-daa7-4522-8900-f88bedc0e1e6 ip=- details={}
2026-03-15 02:08:43.480 [rid=] action=LINK_CREATED resource=LINK userId=d62bfa5f-f14f-4737-a3f2-b348f90caadd resourceId=80641c20-1197-4442-b7a1-73f3bf0a96eb ip=- details={}
2026-03-15 02:08:43.544 [rid=] action=LINK_CREATED resource=LINK userId=d62bfa5f-f14f-4737-a3f2-b348f90caadd resourceId=9d35c2cc-84de-4ccc-aad8-c7ecfce115f5 ip=- details={}
2026-03-15 02:08:43.666 [rid=] action=LINK_CREATED resource=LINK userId=d526920d-b9b8-4b8a-b477-e42eb8d4190a resourceId=92eb7aaa-720c-4068-ba9a-f8726b7fb425 ip=- details={}
2026-03-15 02:08:43.996 [rid=] action=LINK_CREATED resource=LINK userId=34a9e6c6-5929-4663-af91-4ed6fd1ace7b resourceId=34a63d4b-1c3b-4669-8295-8cf0ddf93f7d ip=- details={}
2026-03-15 02:08:44.067 [rid=] action=LINK_CREATED resource=LINK userId=58a92b2c-a53f-4c62-bce3-059ce5246705 resourceId=705fe65a-ce27-490b-9e5f-a844da988f48 ip=- details={}
2026-03-15 02:08:44.145 [rid=] action=LINK_CREATED resource=LINK userId=63e225d2-c05b-420d-8675-a1d3a1469b3d resourceId=947bb87f-9b8e-47f8-b2c8-8ec3bb2ca8fd ip=- details={}
2026-03-15 02:08:44.165 [rid=] action=LINK_CREATED resource=LINK userId=63e225d2-c05b-420d-8675-a1d3a1469b3d resourceId=53bc81b7-de4d-4d93-9e45-402710400a0d ip=- details={}
2026-03-15 02:08:44.372 [rid=] action=LINK_CREATED resource=LINK userId=47f5f474-aba6-4496-a73c-de84276e671e resourceId=886f9083-4cd2-42c5-9c53-f77a0aa62315 ip=- details={}
2026-03-15 02:08:44.516 [rid=] action=LINK_CREATED resource=LINK userId=c640bff5-4b71-4ccf-95d2-0332b46d750b resourceId=27a42da2-404c-4e07-8a96-74a4958cb8a6 ip=- details={}
2026-03-15 02:08:44.577 [rid=] action=LINK_UPDATED resource=LINK userId=c640bff5-4b71-4ccf-95d2-0332b46d750b resourceId=27a42da2-404c-4e07-8a96-74a4958cb8a6 ip=- details={}
2026-03-15 02:08:44.752 [rid=] action=LINK_CREATED resource=LINK userId=691b98da-ee6f-4053-b432-a9cd2bc6d841 resourceId=9b549860-08b4-4e0d-a67f-bc3dc6230848 ip=- details={}
2026-03-15 02:08:44.860 [rid=] action=LINK_CREATED resource=LINK userId=faa359f2-037e-4e54-a85d-5329c9e3f0a6 resourceId=9eadfce8-9683-49ea-861c-4fb1e75ee57d ip=- details={}
2026-03-15 02:08:44.870 [rid=] action=LINK_CREATED resource=LINK userId=faa359f2-037e-4e54-a85d-5329c9e3f0a6 resourceId=a0f9e27b-57a4-43e7-94b9-eaeecd934911 ip=- details={}
2026-03-15 02:08:44.885 [rid=] action=LINK_CREATED resource=LINK userId=faa359f2-037e-4e54-a85d-5329c9e3f0a6 resourceId=cf063f3d-4aab-4fd4-9078-d03e84483556 ip=- details={}
2026-03-15 02:08:44.938 [rid=] action=LINK_BULK_DELETED resource=LINK userId=faa359f2-037e-4e54-a85d-5329c9e3f0a6 resourceId=9eadfce8-9683-49ea-861c-4fb1e75ee57d ip=- details={}
2026-03-15 02:08:44.967 [rid=] action=LINK_BULK_DELETED resource=LINK userId=faa359f2-037e-4e54-a85d-5329c9e3f0a6 resourceId=a0f9e27b-57a4-43e7-94b9-eaeecd934911 ip=- details={}
2026-03-15 02:08:44.968 [rid=] action=LINK_BULK_DELETED resource=LINK userId=faa359f2-037e-4e54-a85d-5329c9e3f0a6 resourceId=cf063f3d-4aab-4fd4-9078-d03e84483556 ip=- details={}
2026-03-15 02:08:45.197 [rid=] action=LINK_CREATED resource=LINK userId=d0efcc8b-783a-4675-8b39-5cc0e6c17517 resourceId=df0d5184-7d86-451d-bee6-c662adae8f23 ip=- details={}
2026-03-15 02:08:45.211 [rid=] action=LINK_CREATED resource=LINK userId=d0efcc8b-783a-4675-8b39-5cc0e6c17517 resourceId=5b97a62f-433f-4ce3-b8eb-79c47264c948 ip=- details={}
2026-03-15 02:08:45.229 [rid=] action=LINK_CREATED resource=LINK userId=d0efcc8b-783a-4675-8b39-5cc0e6c17517 resourceId=973c3723-cfac-44c4-9837-8c12243366ec ip=- details={}
2026-03-15 02:08:45.269 [rid=] action=LINK_CREATED resource=LINK userId=d0efcc8b-783a-4675-8b39-5cc0e6c17517 resourceId=e9cc4ba7-289b-490e-90ef-7ae8ba068a22 ip=- details={}
2026-03-15 02:08:45.285 [rid=] action=LINK_CREATED resource=LINK userId=d0efcc8b-783a-4675-8b39-5cc0e6c17517 resourceId=60f66a6b-ce43-4239-bdb9-f4466da9db56 ip=- details={}
2026-03-15 02:08:45.455 [rid=] action=LINK_CREATED resource=LINK userId=c7868f9e-3218-4d7a-8872-065cdf5534ca resourceId=99dffa95-d9b2-49cb-af87-d8a321fdc69d ip=- details={}
2026-03-15 02:08:45.694 [rid=] action=LINK_CREATED resource=LINK userId=d107b961-3dc2-4d1e-9ac5-8bf8baff47c9 resourceId=430c68a8-6ded-4ac9-8961-db119ea92526 ip=- details={}
2026-03-15 02:08:45.715 [rid=] action=LINK_DELETED resource=LINK userId=d107b961-3dc2-4d1e-9ac5-8bf8baff47c9 resourceId=430c68a8-6ded-4ac9-8961-db119ea92526 ip=- details={}
2026-03-15 02:08:45.967 [rid=] action=LINK_CREATED resource=LINK userId=22a2d5cc-8f3c-47cd-a910-270547a4c4c5 resourceId=78331672-b00b-4372-8f79-4326b1f75d17 ip=- details={}
2026-03-15 02:08:45.985 [rid=] action=LINK_UPDATED resource=LINK userId=22a2d5cc-8f3c-47cd-a910-270547a4c4c5 resourceId=78331672-b00b-4372-8f79-4326b1f75d17 ip=- details={}
2026-03-15 02:08:46.160 [rid=] action=LINK_CREATED resource=LINK userId=4b24586c-4dfd-4596-873d-c842d33d2834 resourceId=2c5dadfc-bac8-44f8-85fd-2f6d01536973 ip=- details={}
2026-03-15 02:08:46.232 [rid=] action=LINK_CREATED resource=LINK userId=275f3c16-e308-44e7-8109-e835a550fb97 resourceId=f47f3c15-00f1-40c7-b4e4-9583ec7f3d67 ip=- details={}
2026-03-15 02:08:46.322 [rid=] action=LINK_CREATED resource=LINK userId=077ce2bf-3ebd-450b-b86e-541d0010ef04 resourceId=757cb2ad-c1cf-4844-884c-a4f419d28c5c ip=- details={}
2026-03-15 02:23:39.702 [rid=] action=LINK_CREATED resource=LINK userId=7ec5ead7-4578-4260-aaca-d97b76052ce0 resourceId=fc257428-b016-4c29-a35e-127507c4c746 ip=- details={}
2026-03-15 02:23:40.033 [rid=] action=LINK_CREATED resource=LINK userId=28fb84f6-6806-44d9-aa14-4011457158c1 resourceId=98eb4e5a-12fa-49e3-9915-e820326a67c4 ip=- details={}
2026-03-15 02:23:40.473 [rid=] action=LINK_CREATED resource=LINK userId=77f5cf57-2d81-4407-8a16-930a4ba4b78d resourceId=1a7d5993-219f-4a8d-88c6-04bc1a4928d5 ip=- details={}
2026-03-15 02:23:40.636 [rid=] action=LINK_CREATED resource=LINK userId=4679977a-0dab-46f1-8b04-b6cecd826433 resourceId=1d2eccb3-3006-4605-8624-67bdc99fc52a ip=- details={}
2026-03-15 02:23:49.770 [rid=] action=LINK_CREATED resource=LINK userId=44514271-e349-4813-b0c6-f47c7af3edf8 resourceId=972c1085-f52a-404f-89d6-1087d777c058 ip=- details={}
2026-03-15 02:23:49.783 [rid=] action=LINK_CREATED resource=LINK userId=44514271-e349-4813-b0c6-f47c7af3edf8 resourceId=b83d5836-be78-470e-87ea-0367d456badb ip=- details={}
2026-03-15 02:23:49.799 [rid=] action=LINK_CREATED resource=LINK userId=44514271-e349-4813-b0c6-f47c7af3edf8 resourceId=0bb023be-e8ba-42a6-9ee9-c19a3a09394e ip=- details={}
2026-03-15 02:23:49.882 [rid=] action=LINK_CREATED resource=LINK userId=4b082230-ed44-4b14-a6df-e758c7a98f6d resourceId=b6167f81-b0d6-49da-ab30-c99a7ff1a13d ip=- details={}
2026-03-15 02:23:50.103 [rid=] action=LINK_CREATED resource=LINK userId=0e369f52-311f-435d-895e-3ca81bd96d8b resourceId=be4cdb0d-884a-46f0-b0b4-4dec97d51173 ip=- details={}
2026-03-15 02:23:50.165 [rid=] action=LINK_CREATED resource=LINK userId=3149a128-74cc-48c6-a9d3-a771e4bf4116 resourceId=b3c55409-d206-4498-b4a2-2449fd19bf93 ip=- details={}
2026-03-15 02:23:50.217 [rid=] action=LINK_CREATED resource=LINK userId=e8f18b26-130c-4710-9655-362ecf500768 resourceId=f32cfd86-48fe-4ed6-8d67-f0d665442474 ip=- details={}
2026-03-15 02:23:50.235 [rid=] action=LINK_CREATED resource=LINK userId=e8f18b26-130c-4710-9655-362ecf500768 resourceId=1c15e5f8-ce2e-4a75-9185-289d5484b91e ip=- details={}
2026-03-15 02:23:50.405 [rid=] action=LINK_CREATED resource=LINK userId=99aad2e2-8157-4ed7-91d3-03f2df5ce7a3 resourceId=cd42b240-e5d4-4fd3-ad40-35a6198ca4b1 ip=- details={}
2026-03-15 02:23:50.563 [rid=] action=LINK_CREATED resource=LINK userId=af088c62-ad6c-404b-8121-ca78baceeac6 resourceId=30f6c719-4f7e-41ff-a093-37ed35c0115c ip=- details={}
2026-03-15 02:23:50.683 [rid=] action=LINK_UPDATED resource=LINK userId=af088c62-ad6c-404b-8121-ca78baceeac6 resourceId=30f6c719-4f7e-41ff-a093-37ed35c0115c ip=- details={}
2026-03-15 02:23:50.833 [rid=] action=LINK_CREATED resource=LINK userId=5d1abbfd-deb2-4a6f-a4c0-dcffca6b2fb9 resourceId=343f2cd4-2dbb-4ef3-8d49-99aec8a68774 ip=- details={}
2026-03-15 02:23:51.004 [rid=] action=LINK_CREATED resource=LINK userId=b6daca9c-1e41-47e5-8548-b6cd5aeb084a resourceId=3bcd9904-c51a-4670-bfe4-7d88b4b2e026 ip=- details={}
2026-03-15 02:23:51.023 [rid=] action=LINK_CREATED resource=LINK userId=b6daca9c-1e41-47e5-8548-b6cd5aeb084a resourceId=74cc59f6-b1c2-491e-a6b8-f0bf1fca5879 ip=- details={}
2026-03-15 02:23:51.123 [rid=] action=LINK_CREATED resource=LINK userId=b6daca9c-1e41-47e5-8548-b6cd5aeb084a resourceId=fc0d52be-411b-4886-9be5-ec6df15d1f4f ip=- details={}
2026-03-15 02:23:51.139 [rid=] action=LINK_BULK_DELETED resource=LINK userId=b6daca9c-1e41-47e5-8548-b6cd5aeb084a resourceId=3bcd9904-c51a-4670-bfe4-7d88b4b2e026 ip=- details={}
2026-03-15 02:23:51.140 [rid=] action=LINK_BULK_DELETED resource=LINK userId=b6daca9c-1e41-47e5-8548-b6cd5aeb084a resourceId=74cc59f6-b1c2-491e-a6b8-f0bf1fca5879 ip=- details={}
2026-03-15 02:23:51.145 [rid=] action=LINK_BULK_DELETED resource=LINK userId=b6daca9c-1e41-47e5-8548-b6cd5aeb084a resourceId=fc0d52be-411b-4886-9be5-ec6df15d1f4f ip=- details={}
2026-03-15 02:23:51.380 [rid=] action=LINK_CREATED resource=LINK userId=84213598-6bc7-4786-9f9d-4c22bd1f5df0 resourceId=e78e7e99-0940-4b6e-97cc-2846c1a9e696 ip=- details={}
2026-03-15 02:23:51.418 [rid=] action=LINK_CREATED resource=LINK userId=84213598-6bc7-4786-9f9d-4c22bd1f5df0 resourceId=52906b68-b98a-41d5-8ad1-b94c334bc4fc ip=- details={}
2026-03-15 02:23:51.435 [rid=] action=LINK_CREATED resource=LINK userId=84213598-6bc7-4786-9f9d-4c22bd1f5df0 resourceId=46c0ef94-a557-47c2-9ee2-56e871b7473d ip=- details={}
2026-03-15 02:23:51.447 [rid=] action=LINK_CREATED resource=LINK userId=84213598-6bc7-4786-9f9d-4c22bd1f5df0 resourceId=86f04f67-4b3b-49ef-836c-26d56cf99a3f ip=- details={}
2026-03-15 02:23:51.457 [rid=] action=LINK_CREATED resource=LINK userId=84213598-6bc7-4786-9f9d-4c22bd1f5df0 resourceId=7bf67a20-37e8-4c30-b032-75f91ed4f516 ip=- details={}
2026-03-15 02:23:51.704 [rid=] action=LINK_CREATED resource=LINK userId=07828287-1ed8-4c08-b743-c4ea245766df resourceId=a746fb2f-2c20-4ee1-9bb6-d8ea591d7d75 ip=- details={}
2026-03-15 02:23:52.024 [rid=] action=LINK_CREATED resource=LINK userId=e9b45097-d346-4c79-ad40-d95532ef365b resourceId=0437718f-0e0d-4934-9c81-3da817852caf ip=- details={}
2026-03-15 02:23:52.068 [rid=] action=LINK_DELETED resource=LINK userId=e9b45097-d346-4c79-ad40-d95532ef365b resourceId=0437718f-0e0d-4934-9c81-3da817852caf ip=- details={}
2026-03-15 02:23:52.199 [rid=] action=LINK_CREATED resource=LINK userId=0e0302ec-f736-4d96-9302-9bb3f5dd853f resourceId=2911249d-9c89-426d-993d-9704ffa289c7 ip=- details={}
2026-03-15 02:23:52.264 [rid=] action=LINK_UPDATED resource=LINK userId=0e0302ec-f736-4d96-9302-9bb3f5dd853f resourceId=2911249d-9c89-426d-993d-9704ffa289c7 ip=- details={}
2026-03-15 02:23:52.346 [rid=] action=LINK_CREATED resource=LINK userId=d1870442-8faa-48ba-ab49-23333e9d7e6b resourceId=de003ae0-0962-4e0c-82b4-3f9ad672d015 ip=- details={}
2026-03-15 02:23:52.400 [rid=] action=LINK_CREATED resource=LINK userId=baf37fe7-36c7-4d97-a5e3-e5e8b493b845 resourceId=6b5ba0ef-6199-45a4-a1b4-41f7de439ae9 ip=- details={}
2026-03-15 02:23:52.470 [rid=] action=LINK_CREATED resource=LINK userId=0f7c3565-663d-4a8f-8527-4989e6f4c6f0 resourceId=0f765386-3cec-4902-9f60-c760e6048310 ip=- details={}
