2026-03-02 18:46:55.765 [rid=cb686fa9] action=LINK_CREATED resource=LINK userId=7e1e729d-4696-4a1e-b28e-7dbaf10afb01 resourceId=5b0ee01a-57fc-4a24-b386-8002e89db9f2 ip=- details={"slug":"Awtw4wq","destinationUrl":"https://youtu.be/CFJIdPz9zXk?si=gRJfwY5537usU1i2"}
2026-03-02 18:47:22.161 [rid=2a7f2dc9] action=LINK_CREATED resource=LINK userId=7e1e729d-4696-4a1e-b28e-7dbaf10afb01 resourceId=8123e08e-a6e4-48c3-a549-18b27245e072 ip=- details={"slug":"DXC98hX","destinationUrl":"https://youtu.be/CFJIdPz9zXk?si=gRJfwY5537usU1i2"}
2026-03-02 18:56:20.479 [rid=d6e08a60] action=LINK_BULK_DELETED resource=LINK userId=7e1e729d-4696-4a1e-b28e-7dbaf10afb01 resourceId=8123e08e-a6e4-48c3-a549-18b27245e072 ip=- details={}
2026-03-02 20:29:05.705 [rid=77cc887b] action=LINK_CREATED resource=LINK userId=7e1e729d-4696-4a1e-b28e-7dbaf10afb01 resourceId=a2d88004-c045-4c0f-930c-f1830dc26407 ip=- details={"slug":"AzM74wh","destinationUrl":"https://youtu.be/lAwYQdwVfPA?si=aEX8a7UcwLufun8l"}
2026-03-02 20:30:21.842 [rid=0f34881f] action=LINK_UPDATED resource=LINK userId=7e1e729d-4696-4a1e-b28e-7dbaf10afb01 resourceId=a2d88004-c045-4c0f-930c-f1830dc26407 ip=- details={"slug":"AzM74wh"}
2026-03-14 23:47:58.962 [rid=] action=LINK_CREATED resource=LINK userId=1a36c44f-a04e-404b-ad39-e7264a6112c0 resourceId=71110a86-6b85-4950-80f8-12e82af6d282 ip=- details={}
2026-03-14 23:47:59.181 [rid=] action=LINK_CREATED resource=LINK userId=891b7929-f336-42b0-9c2d-80df4839526b resourceId=6fc3e03e-276b-4fab-b66e-98aa5866a910 ip=- details={}
2026-03-14 23:47:59.699 [rid=] action=LINK_CREATED resource=LINK userId=5eaeaf19-a9b6-45d5-985e-b91e7434a2c9 resourceId=b016b07d-a87f-4f6e-970d-39ada9390b04 ip=- details={}
2026-03-14 23:48:07.495 [rid=] action=LINK_CREATED resource=LINK userId=b31a94ea-b3aa-4a9a-902c-a7adedd1118e resourceId=1054be0c-6b07-4d68-8bc1-a3f362bfad8b ip=- details={}
2026-03-14 23:48:07.515 [rid=] action=LINK_CREATED resource=LINK userId=b31a94ea-b3aa-4a9a-902c-a7adedd1118e resourceId=6d9e1f64-526b-4ddf-849c-d249d44aa975 ip=- details={}
2026-03-14 23:48:07.530 [rid=] action=LINK_CREATED resource=LINK userId=b31a94ea-b3aa-4a9a-902c-a7adedd1118e resourceId=9de76d86-5f96-42e5-ae86-fff8d47b03a3 ip=- details={}
2026-03-14 23:48:07.709 [rid=] action=LINK_CREATED resource=LINK userId=d0841502-ef67-483a-a770-870f5b490f2b resourceId=a21ce711-bbfe-4dba-bc36-90f7a063ec23 ip=- details={}
2026-03-14 23:48:07.912 [rid=] action=LINK_CREATED resource=LINK userId=578b4a12-30bf-495b-bed6-d81ab2c9509d resourceId=c823a4a1-9d80-46a4-8881-0d5950995523 ip=- details={}
2026-03-14 23:48:07.961 [rid=] action=LINK_CREATED resource=LINK userId=9b485881-f559-4e57-9f7a-20edf5ee69c0 resourceId=36bd6b89-4716-4871-b498-5767757c1304 ip=- details={}
2026-03-14 23:48:08.010 [rid=] action=LINK_CREATED resource=LINK userId=97190ca7-b389-492e-9dec-129931063d8e resourceId=fe4747be-0d64-46ef-80b9-a489e53f79a8 ip=- details={}
2026-03-14 23:48:08.025 [rid=] action=LINK_CREATED resource=LINK userId=97190ca7-b389-492e-9dec-129931063d8e resourceId=a6b2c015-d993-4d0e-bb2a-4d55680ff74a ip=- details={}
2026-03-14 23:48:08.129 [rid=] action=LINK_CREATED resource=LINK userId=f341f580-5bde-4cfc-882c-45b771ca69a9 resourceId=5484ad7c-fe61-48de-a9c5-06a23ffb5cc9 ip=- details={}
2026-03-14 23:48:08.204 [rid=] action=LINK_CREATED resource=LINK userId=3b5faa65-be63-4d7b-a34e-57df25c1ad41 resourceId=909b4581-f59b-4289-8e8d-9893ec9cac53 ip=- details={}
2026-03-14 23:48:08.231 [rid=] action=LINK_UPDATED resource=LINK userId=3b5faa65-be63-4d7b-a34e-57df25c1ad41 resourceId=909b4581-f59b-4289-8e8d-9893ec9cac53 ip=- details={}
2026-03-14 23:48:08.306 [rid=] action=LINK_CREATED resource=LINK userId=ee56cef3-f20c-489c-9be0-a3ce5ce0fad0 resourceId=62bf2df8-88b1-4e13-8b6a-99db92360aa5 ip=- details={}
2026-03-14 23:48:08.445 [rid=] action=LINK_CREATED resource=LINK userId=20fbc307-6771-4895-b325-3444272a1cf1 resourceId=911651a2-465c-451b-bb35-25819cf061de ip=- details={}
2026-03-14 23:48:08.462 [rid=] action=LINK_CREATED resource=LINK userId=20fbc307-6771-4895-b325-3444272a1cf1 resourceId=927d490d-4d41-42b3-a7f7-62c131212acd ip=- details={}
2026-03-14 23:48:08.498 [rid=] action=LINK_CREATED resource=LINK userId=20fbc307-6771-4895-b325-3444272a1cf1 resourceId=4e4f1542-d522-4b9c-ac77-1b94ca59983a ip=- details={}
2026-03-14 23:48:08.513 [rid=] action=LINK_BULK_DELETED resource=LINK userId=20fbc307-6771-4895-b325-3444272a1cf1 resourceId=911651a2-465c-451b-bb35-25819cf061de ip=- details={}
2026-03-14 23:48:08.514 [rid=] action=LINK_BULK_DELETED resource=LINK userId=20fbc307-6771-4895-b325-3444272a1cf1 resourceId=927d490d-4d41-42b3-a7f7-62c131212acd ip=- details={}
2026-03-14 23:48:08.514 [rid=] action=LINK_BULK_DELETED resource=LINK userId=20fbc307-6771-4895-b325-3444272a1cf1 resourceId=4e4f1542-d522-4b9c-ac77-1b94ca59983a ip=- details={}
2026-03-14 23:48:08.830 [rid=] action=LINK_CREATED resource=LINK userId=1d3bb2f2-375e-46da-9600-01b9b4c4c779 resourceId=be4a9970-c4e0-4c23-8c8a-c65a67a35289 ip=- details={}
2026-03-14 23:48:08.948 [rid=] action=LINK_CREATED resource=LINK userId=1d3bb2f2-375e-46da-9600-01b9b4c4c779 resourceId=f57b04ac-ff46-49fc-ae72-2e6a4a995d30 ip=- details={}
2026-03-14 23:48:08.997 [rid=] action=LINK_CREATED resource=LINK userId=1d3bb2f2-375e-46da-9600-01b9b4c4c779 resourceId=8a09cd58-b504-424d-91e2-e63d5028610e ip=- details={}
2026-03-14 23:48:09.093 [rid=] action=LINK_CREATED resource=LINK userId=1d3bb2f2-375e-46da-9600-01b9b4c4c779 resourceId=d695b569-35de-4796-a22a-111f765f8e9a ip=- details={}
2026-03-14 23:48:09.123 [rid=] action=LINK_CREATED resource=LINK userId=1d3bb2f2-375e-46da-9600-01b9b4c4c779 resourceId=0808b5e2-ad66-41c0-94e9-6cbd29f58ac3 ip=- details={}
2026-03-14 23:48:09.311 [rid=] action=LINK_CREATED resource=LINK userId=2195d3a0-61e9-4a28-bd84-f2a186c02e1c resourceId=b7c22432-ab6c-4d6f-9921-58acde922371 ip=- details={}
2026-03-14 23:48:09.422 [rid=] action=LINK_CREATED resource=LINK userId=e9759187-556d-4f18-a670-eb65eba19e28 resourceId=b328983b-d5b5-46ee-a586-a42f69b54388 ip=- details={}
2026-03-14 23:48:09.456 [rid=] action=LINK_DELETED resource=LINK userId=e9759187-556d-4f18-a670-eb65eba19e28 resourceId=b328983b-d5b5-46ee-a586-a42f69b54388 ip=- details={}
2026-03-14 23:48:09.614 [rid=] action=LINK_CREATED resource=LINK userId=16077650-a214-4ab1-a9af-fedf39b72bdb resourceId=938fc723-b67e-4bc9-b84a-cf5f3ea55852 ip=- details={}
2026-03-14 23:48:09.680 [rid=] action=LINK_UPDATED resource=LINK userId=16077650-a214-4ab1-a9af-fedf39b72bdb resourceId=938fc723-b67e-4bc9-b84a-cf5f3ea55852 ip=- details={}
2026-03-14 23:48:09.747 [rid=] action=LINK_CREATED resource=LINK userId=719bb6ea-462a-4e18-9915-841372115760 resourceId=56246b90-8a79-4faa-b491-d5669930a807 ip=- details={}
2026-03-14 23:48:09.860 [rid=] action=LINK_CREATED resource=LINK userId=4443889e-7fa4-4b63-ba7c-0c279c8893ed resourceId=322f25fb-9de9-4143-b204-953ce761afae ip=- details={}
2026-03-14 23:48:10.015 [rid=] action=LINK_CREATED resource=LINK userId=e7f699a3-88e3-487a-a020-ad4890b81355 resourceId=3c3aba38-3f8a-4e97-99dc-ee26d157a3b2 ip=- details={}
2026-03-14 23:51:42.002 [rid=] action=LINK_CREATED resource=LINK userId=8e160b3e-e59a-4aaa-a73c-8b2007ad97f4 resourceId=73d53147-54ee-4830-8b62-026f5c32e0e9 ip=- details={}
2026-03-14 23:51:42.371 [rid=] action=LINK_CREATED resource=LINK userId=4d0b646a-ff1f-4826-beb0-a11b81c7e207 resourceId=872fb163-228d-4169-9761-4362ff096ef9 ip=- details={}
2026-03-14 23:51:42.787 [rid=] action=LINK_CREATED resource=LINK userId=f37771ac-90c6-4768-97cb-b381bc4979d9 resourceId=58187911-c103-438c-add1-bc4207f39018 ip=- details={}
2026-03-14 23:51:57.443 [rid=] action=LINK_CREATED resource=LINK userId=41b9d62a-6f8b-4d40-af94-d0ba927166cf resourceId=67be7956-52e1-4b3f-8f83-e70e678beb80 ip=- details={}
2026-03-14 23:51:57.485 [rid=] action=LINK_CREATED resource=LINK userId=41b9d62a-6f8b-4d40-af94-d0ba927166cf resourceId=7321aa10-d897-4be3-8c2f-ebc1fab5ea88 ip=- details={}
2026-03-14 23:51:57.512 [rid=] action=LINK_CREATED resource=LINK userId=41b9d62a-6f8b-4d40-af94-d0ba927166cf resourceId=5c2e7e64-2556-46b7-89a8-a6d7fcb05afb ip=- details={}
2026-03-14 23:51:57.715 [rid=] action=LINK_CREATED resource=LINK userId=4c9288b4-59be-4b28-8090-bdd0953972e8 resourceId=6dfd2cfe-6d56-4f0d-a85b-0c4ba3705e8f ip=- details={}
2026-03-14 23:51:57.910 [rid=] action=LINK_CREATED resource=LINK userId=d777586b-81b3-4d09-87af-297e4d8e8815 resourceId=d5dda9f2-4b22-45d7-bb88-247db4c147cc ip=- details={}
2026-03-14 23:51:57.969 [rid=] action=LINK_CREATED resource=LINK userId=94fef955-4455-4bd8-983e-52c23c5c0e88 resourceId=0fba4d8e-bf3a-45b1-be61-481b6bc2f705 ip=- details={}
2026-03-14 23:51:58.017 [rid=] action=LINK_CREATED resource=LINK userId=e79cfa6a-3e86-4e41-a2e8-2fc82e3e4b62 resourceId=e934ea18-e329-444b-8202-17a8697077c4 ip=- details={}
2026-03-14 23:51:58.029 [rid=] action=LINK_CREATED resource=LINK userId=e79cfa6a-3e86-4e41-a2e8-2fc82e3e4b62 resourceId=d92182b2-a546-4c98-9a58-80e0f8fa0ae9 ip=- details={}
2026-03-14 23:51:58.145 [rid=] action=LINK_CREATED resource=LINK userId=adfc0ab2-dc9a-4d1a-bffd-013b48865a22 resourceId=f322ebfc-4f88-4dd6-b3be-928295e0aa08 ip=- details={}
2026-03-14 23:51:58.219 [rid=] action=LINK_CREATED resource=LINK userId=348f9f0d-509a-4c36-ac2f-4e434961438d resourceId=68ef8967-0f25-463d-8233-1cb12ca20615 ip=- details={}
2026-03-14 23:51:58.252 [rid=] action=LINK_UPDATED resource=LINK userId=348f9f0d-509a-4c36-ac2f-4e434961438d resourceId=68ef8967-0f25-463d-8233-1cb12ca20615 ip=- details={}
2026-03-14 23:51:58.341 [rid=] action=LINK_CREATED resource=LINK userId=9e5d8dc4-4a12-481c-82dd-6efab3a3b4c8 resourceId=37508b18-9059-48df-8686-62136effbd37 ip=- details={}
2026-03-14 23:51:58.401 [rid=] action=LINK_CREATED resource=LINK userId=f844f355-55b8-42a8-917e-ce057ae094b5 resourceId=59d60cb6-f12a-43c9-8bd8-063414511b84 ip=- details={}
2026-03-14 23:51:58.420 [rid=] action=LINK_CREATED resource=LINK userId=f844f355-55b8-42a8-917e-ce057ae094b5 resourceId=daef48e1-7c24-4e65-9429-17457babe3d4 ip=- details={}
2026-03-14 23:51:58.434 [rid=] action=LINK_CREATED resource=LINK userId=f844f355-55b8-42a8-917e-ce057ae094b5 resourceId=a37b136e-0bad-4609-90e5-f282dead22cb ip=- details={}
2026-03-14 23:51:58.447 [rid=] action=LINK_BULK_DELETED resource=LINK userId=f844f355-55b8-42a8-917e-ce057ae094b5 resourceId=59d60cb6-f12a-43c9-8bd8-063414511b84 ip=- details={}
2026-03-14 23:51:58.448 [rid=] action=LINK_BULK_DELETED resource=LINK userId=f844f355-55b8-42a8-917e-ce057ae094b5 resourceId=daef48e1-7c24-4e65-9429-17457babe3d4 ip=- details={}
2026-03-14 23:51:58.449 [rid=] action=LINK_BULK_DELETED resource=LINK userId=f844f355-55b8-42a8-917e-ce057ae094b5 resourceId=a37b136e-0bad-4609-90e5-f282dead22cb ip=- details={}
2026-03-14 23:51:58.611 [rid=] action=LINK_CREATED resource=LINK userId=5be4dcc7-68ba-4ad9-83f6-6ec9c4edc139 resourceId=04ccff56-35d6-4ee7-95f6-65d036ec4186 ip=- details={}
2026-03-14 23:51:58.628 [rid=] action=LINK_CREATED resource=LINK userId=5be4dcc7-68ba-4ad9-83f6-6ec9c4edc139 resourceId=ecfa92d9-856c-4e7b-a1a3-86be84efacb9 ip=- details={}
2026-03-14 23:51:58.648 [rid=] action=LINK_CREATED resource=LINK userId=5be4dcc7-68ba-4ad9-83f6-6ec9c4edc139 resourceId=3615d236-758a-47a3-a328-26d9874f50f9 ip=- details={}
2026-03-14 23:51:58.712 [rid=] action=LINK_CREATED resource=LINK userId=5be4dcc7-68ba-4ad9-83f6-6ec9c4edc139 resourceId=718dbe3e-babd-42f8-8467-90d658cbc7b0 ip=- details={}
2026-03-14 23:51:58.747 [rid=] action=LINK_CREATED resource=LINK userId=5be4dcc7-68ba-4ad9-83f6-6ec9c4edc139 resourceId=78abcabd-ce9a-4bac-bc1e-d76d34b5cd2b ip=- details={}
2026-03-14 23:51:58.962 [rid=] action=LINK_CREATED resource=LINK userId=17e49d0d-a8a4-4d47-a886-4c14d85d489f resourceId=d7ce1e93-1833-411d-93ba-8db4e3760bd9 ip=- details={}
2026-03-14 23:51:59.049 [rid=] action=LINK_CREATED resource=LINK userId=d52d2e0d-8130-4da6-8f76-c1d4a10b6416 resourceId=777f152c-1b49-435e-928d-936608ec7323 ip=- details={}
2026-03-14 23:51:59.087 [rid=] action=LINK_DELETED resource=LINK userId=d52d2e0d-8130-4da6-8f76-c1d4a10b6416 resourceId=777f152c-1b49-435e-928d-936608ec7323 ip=- details={}
2026-03-14 23:51:59.218 [rid=] action=LINK_CREATED resource=LINK userId=c8f36566-067d-4397-a3dc-81f0fccd836f resourceId=45a4f36c-2129-4605-97ac-0f013a7a3a49 ip=- details={}
2026-03-14 23:51:59.268 [rid=] action=LINK_UPDATED resource=LINK userId=c8f36566-067d-4397-a3dc-81f0fccd836f resourceId=45a4f36c-2129-4605-97ac-0f013a7a3a49 ip=- details={}
2026-03-14 23:51:59.586 [rid=] action=LINK_CREATED resource=LINK userId=4436dfa9-d529-464f-9f0f-6255f28228c3 resourceId=36aab7a0-6598-4c88-90ac-b19ff7dd6a2f ip=- details={}
2026-03-14 23:51:59.798 [rid=] action=LINK_CREATED resource=LINK userId=b467ae4c-b8d6-4939-8e32-95e78efb14da resourceId=51a8afe8-6484-4545-8a01-098aa452b0c5 ip=- details={}
2026-03-14 23:51:59.927 [rid=] action=LINK_CREATED resource=LINK userId=85e05758-84f4-4a89-aa1d-14fd222c7ecd resourceId=7cf8234d-994b-4589-b80d-c38f13818c0d ip=- details={}
